<?xml version="1.0" encoding="UTF-8"?>
<!-- Generated by org.testng.reporters.JUnitXMLReporter -->
<testsuite ignored="4" hostname="LTIN333384" failures="0" tests="6" name="Chrome Test" time="95.637" errors="0" timestamp="2024-02-28T16:45:49 IST">
  <testcase classname="testCases.TC01_identifyingNewBikes" name="upcomingBikesInIndia" time="11.04"/>
  <testcase classname="testCases.TC01_identifyingNewBikes" name="manufacturer" time="15.73"/>
  <testcase classname="testCases.TC02_usedCars" name="usedCars" time="33.111"/>
  <testcase classname="testCases.TC02_usedCars" name="modelNames" time="15.3"/>
  <testcase classname="testCases.TC03_login" name="googleLogin" time="11.054"/>
  <testcase classname="testCases.TC03_login" name="output" time="0.791"/>
  <testcase classname="testBase.BaseClass" name="@BeforeTest setup" time="0.0">
    <ignored/>
  </testcase> <!-- @BeforeTest setup -->
  <testcase classname="testBase.BaseClass" name="@AfterTest tearDown" time="0.0">
    <ignored/>
  </testcase> <!-- @AfterTest tearDown -->
  <testcase classname="testBase.BaseClass" name="@BeforeTest setup" time="0.0">
    <ignored/>
  </testcase> <!-- @BeforeTest setup -->
  <testcase classname="testBase.BaseClass" name="@AfterTest tearDown" time="0.0">
    <ignored/>
  </testcase> <!-- @AfterTest tearDown -->
</testsuite> <!-- Chrome Test -->
