<?xml version="1.0" encoding="UTF-8"?>
<testng-results ignored="0" total="6" passed="6" failed="0" skipped="0">
  <reporter-output>
  </reporter-output>
  <suite started-at="2024-02-28T16:44:13 IST" name="Suite" finished-at="2024-02-28T16:45:48 IST" duration-ms="95637">
    <groups>
    </groups>
    <test started-at="2024-02-28T16:44:13 IST" name="Chrome Test" finished-at="2024-02-28T16:45:48 IST" duration-ms="95637">
      <class name="testCases.TC01_identifyingNewBikes">
        <test-method is-config="true" signature="setup(java.lang.String,java.lang.String)[pri:0, instance:testCases.TC01_identifyingNewBikes@14028087]" started-at="2024-02-28T16:44:13 IST" name="setup" finished-at="2024-02-28T16:44:19 IST" duration-ms="5678" status="PASS">
          <params>
            <param index="0">
              <value>
                <![CDATA[chrome]]>
              </value>
            </param>
            <param index="1">
              <value>
                <![CDATA[https://www.zigwheels.com/]]>
              </value>
            </param>
          </params>
          <reporter-output>
          </reporter-output>
        </test-method> <!-- setup -->
        <test-method signature="upcomingBikesInIndia()[pri:1, instance:testCases.TC01_identifyingNewBikes@14028087]" started-at="2024-02-28T16:44:19 IST" name="upcomingBikesInIndia" finished-at="2024-02-28T16:44:30 IST" duration-ms="11040" status="PASS">
          <reporter-output>
          </reporter-output>
        </test-method> <!-- upcomingBikesInIndia -->
        <test-method signature="manufacturer()[pri:2, instance:testCases.TC01_identifyingNewBikes@14028087]" started-at="2024-02-28T16:44:30 IST" name="manufacturer" finished-at="2024-02-28T16:44:46 IST" duration-ms="15730" status="PASS">
          <reporter-output>
          </reporter-output>
        </test-method> <!-- manufacturer -->
        <test-method is-config="true" signature="tearDown()[pri:0, instance:testCases.TC01_identifyingNewBikes@14028087]" started-at="2024-02-28T16:45:47 IST" name="tearDown" finished-at="2024-02-28T16:45:48 IST" duration-ms="1134" status="PASS">
          <reporter-output>
          </reporter-output>
        </test-method> <!-- tearDown -->
      </class> <!-- testCases.TC01_identifyingNewBikes -->
      <class name="testCases.TC02_usedCars">
        <test-method signature="usedCars()[pri:3, instance:testCases.TC02_usedCars@7e057f43]" started-at="2024-02-28T16:44:46 IST" name="usedCars" finished-at="2024-02-28T16:45:19 IST" duration-ms="33111" status="PASS">
          <reporter-output>
          </reporter-output>
        </test-method> <!-- usedCars -->
        <test-method signature="modelNames()[pri:4, instance:testCases.TC02_usedCars@7e057f43]" started-at="2024-02-28T16:45:19 IST" name="modelNames" finished-at="2024-02-28T16:45:35 IST" duration-ms="15300" status="PASS">
          <reporter-output>
          </reporter-output>
        </test-method> <!-- modelNames -->
      </class> <!-- testCases.TC02_usedCars -->
      <class name="testCases.TC03_login">
        <test-method signature="googleLogin()[pri:5, instance:testCases.TC03_login@6c284af]" started-at="2024-02-28T16:45:35 IST" name="googleLogin" finished-at="2024-02-28T16:45:46 IST" duration-ms="11054" status="PASS">
          <reporter-output>
          </reporter-output>
        </test-method> <!-- googleLogin -->
        <test-method signature="output()[pri:6, instance:testCases.TC03_login@6c284af]" started-at="2024-02-28T16:45:46 IST" name="output" finished-at="2024-02-28T16:45:47 IST" duration-ms="791" status="PASS">
          <reporter-output>
          </reporter-output>
        </test-method> <!-- output -->
      </class> <!-- testCases.TC03_login -->
    </test> <!-- Chrome Test -->
  </suite> <!-- Suite -->
</testng-results>
